d:\vsprojects\2015\lvluoplugins\lvluoplugins\x64\release\moc_demosobj.obj
d:\vsprojects\2015\lvluoplugins\lvluoplugins\x64\release\demosobj.obj
d:\vsprojects\2015\lvluoplugins\lvluoplugins\x64\release\simplefacesobj.obj
d:\vsprojects\2015\lvluoplugins\lvluoplugins\x64\release\moc_simplefacesobj.obj
d:\vsprojects\2015\lvluoplugins\lvluoplugins\x64\release\opticalflowsobj.obj
d:\vsprojects\2015\lvluoplugins\lvluoplugins\x64\release\moc_opticalflowsobj.obj
d:\vsprojects\2015\lvluoplugins\lvluoplugins\generatedfiles\release\moc_opticalflowsobj.cpp
d:\vsprojects\2015\lvluoplugins\x64\release\lvluoplugins.dll
d:\vsprojects\2015\lvluoplugins\x64\release\lvluoplugins.lib
d:\vsprojects\2015\lvluoplugins\x64\release\lvluoplugins.exp
d:\vsprojects\2015\lvluoplugins\lvluoplugins\x64\release\lvluoplugins.tlog\cl.command.1.tlog
d:\vsprojects\2015\lvluoplugins\lvluoplugins\x64\release\lvluoplugins.tlog\cl.read.1.tlog
d:\vsprojects\2015\lvluoplugins\lvluoplugins\x64\release\lvluoplugins.tlog\cl.write.1.tlog
d:\vsprojects\2015\lvluoplugins\lvluoplugins\x64\release\lvluoplugins.tlog\custombuild.command.1.tlog
d:\vsprojects\2015\lvluoplugins\lvluoplugins\x64\release\lvluoplugins.tlog\custombuild.read.1.tlog
d:\vsprojects\2015\lvluoplugins\lvluoplugins\x64\release\lvluoplugins.tlog\custombuild.write.1.tlog
d:\vsprojects\2015\lvluoplugins\lvluoplugins\x64\release\lvluoplugins.tlog\link.command.1.tlog
d:\vsprojects\2015\lvluoplugins\lvluoplugins\x64\release\lvluoplugins.tlog\link.read.1.tlog
d:\vsprojects\2015\lvluoplugins\lvluoplugins\x64\release\lvluoplugins.tlog\link.write.1.tlog
d:\vsprojects\2015\lvluoplugins\lvluoplugins\x64\release\lvluoplugins.tlog\lvluoplugins.write.1u.tlog
