d:\vsprojects\2015\lvluoplatform\lvluoplatform\x64\release\paster.obj
d:\vsprojects\2015\lvluoplatform\lvluoplatform\x64\release\operator.obj
d:\vsprojects\2015\lvluoplatform\lvluoplatform\x64\release\multisamplefbo.obj
d:\vsprojects\2015\lvluoplatform\lvluoplatform\x64\release\mover.obj
d:\vsprojects\2015\lvluoplatform\lvluoplatform\x64\release\mainwindow.obj
d:\vsprojects\2015\lvluoplatform\lvluoplatform\x64\release\main.obj
d:\vsprojects\2015\lvluoplatform\lvluoplatform\x64\release\grouper.obj
d:\vsprojects\2015\lvluoplatform\lvluoplatform\x64\release\groupcommand.obj
d:\vsprojects\2015\lvluoplatform\lvluoplatform\x64\release\grid.obj
d:\vsprojects\2015\lvluoplatform\lvluoplatform\x64\release\moc_sobjselectionwidget.obj
d:\vsprojects\2015\lvluoplatform\lvluoplatform\x64\release\moc_sobjicon.obj
d:\vsprojects\2015\lvluoplatform\lvluoplatform\x64\release\moc_sceneproperty.obj
d:\vsprojects\2015\lvluoplatform\lvluoplatform\x64\release\moc_scene.obj
d:\vsprojects\2015\lvluoplatform\lvluoplatform\x64\release\moc_recordvideowidget.obj
d:\vsprojects\2015\lvluoplatform\lvluoplatform\x64\release\moc_recentprojectaction.obj
d:\vsprojects\2015\lvluoplatform\lvluoplatform\x64\release\moc_operator.obj
d:\vsprojects\2015\lvluoplatform\lvluoplatform\x64\release\moc_mainwindow.obj
d:\vsprojects\2015\lvluoplatform\lvluoplatform\x64\release\moc_appconfig.obj
d:\vsprojects\2015\lvluoplatform\lvluoplatform\x64\release\createcommand.obj
d:\vsprojects\2015\lvluoplatform\lvluoplatform\x64\release\appconfig.obj
d:\vsprojects\2015\lvluoplatform\lvluoplatform\x64\release\ungroupcommand.obj
d:\vsprojects\2015\lvluoplatform\lvluoplatform\x64\release\sobjselectionwidget.obj
d:\vsprojects\2015\lvluoplatform\lvluoplatform\x64\release\sobjicon.obj
d:\vsprojects\2015\lvluoplatform\lvluoplatform\x64\release\selector.obj
d:\vsprojects\2015\lvluoplatform\lvluoplatform\x64\release\sceneproperty.obj
d:\vsprojects\2015\lvluoplatform\lvluoplatform\x64\release\scene.obj
d:\vsprojects\2015\lvluoplatform\lvluoplatform\x64\release\scaler.obj
d:\vsprojects\2015\lvluoplatform\lvluoplatform\x64\release\rotator.obj
d:\vsprojects\2015\lvluoplatform\lvluoplatform\x64\release\removecommand.obj
d:\vsprojects\2015\lvluoplatform\lvluoplatform\x64\release\recordvideowidget.obj
d:\vsprojects\2015\lvluoplatform\lvluoplatform\x64\release\recentprojectaction.obj
d:\vsprojects\2015\lvluoplatform\lvluoplatform\x64\release\pickfbo.obj
d:\vsprojects\2015\lvluoplatform\lvluoplatform\x64\release\qrc_lvluoplatform.obj
d:\vsprojects\2015\lvluoplatform\lvluoplatform\generatedfiles\release\moc_mainwindow.cpp
d:\vsprojects\2015\lvluoplatform\lvluoplatform\generatedfiles\release\moc_recordvideowidget.cpp
d:\vsprojects\2015\lvluoplatform\lvluoplatform\generatedfiles\release\moc_sobjicon.cpp
d:\vsprojects\2015\lvluoplatform\lvluoplatform\generatedfiles\release\moc_sobjselectionwidget.cpp
d:\vsprojects\2015\lvluoplatform\lvluoplatform\generatedfiles\ui_mainwindow.h
d:\vsprojects\2015\lvluoplatform\lvluoplatform\generatedfiles\release\moc_operator.cpp
d:\vsprojects\2015\lvluoplatform\lvluoplatform\generatedfiles\release\moc_sceneproperty.cpp
d:\vsprojects\2015\lvluoplatform\lvluoplatform\generatedfiles\release\moc_recentprojectaction.cpp
d:\vsprojects\2015\lvluoplatform\lvluoplatform\generatedfiles\ui_recordvideowidget.h
d:\vsprojects\2015\lvluoplatform\lvluoplatform\generatedfiles\qrc_lvluoplatform.cpp
d:\vsprojects\2015\lvluoplatform\lvluoplatform\generatedfiles\release\moc_scene.cpp
d:\vsprojects\2015\lvluoplatform\lvluoplatform\generatedfiles\release\moc_appconfig.cpp
d:\vsprojects\2015\lvluoplatform\x64\release\lvluoplatform.exe
d:\vsprojects\2015\lvluoplatform\lvluoplatform\x64\release\lvluoplatform.res
d:\vsprojects\2015\lvluoplatform\lvluoplatform\x64\release\lvluoplatform.tlog\cl.command.1.tlog
d:\vsprojects\2015\lvluoplatform\lvluoplatform\x64\release\lvluoplatform.tlog\cl.read.1.tlog
d:\vsprojects\2015\lvluoplatform\lvluoplatform\x64\release\lvluoplatform.tlog\cl.write.1.tlog
d:\vsprojects\2015\lvluoplatform\lvluoplatform\x64\release\lvluoplatform.tlog\custombuild.command.1.tlog
d:\vsprojects\2015\lvluoplatform\lvluoplatform\x64\release\lvluoplatform.tlog\custombuild.read.1.tlog
d:\vsprojects\2015\lvluoplatform\lvluoplatform\x64\release\lvluoplatform.tlog\custombuild.write.1.tlog
d:\vsprojects\2015\lvluoplatform\lvluoplatform\x64\release\lvluoplatform.tlog\link.command.1.tlog
d:\vsprojects\2015\lvluoplatform\lvluoplatform\x64\release\lvluoplatform.tlog\link.read.1.tlog
d:\vsprojects\2015\lvluoplatform\lvluoplatform\x64\release\lvluoplatform.tlog\link.write.1.tlog
d:\vsprojects\2015\lvluoplatform\lvluoplatform\x64\release\lvluoplatform.tlog\rc.command.1.tlog
d:\vsprojects\2015\lvluoplatform\lvluoplatform\x64\release\lvluoplatform.tlog\rc.read.1.tlog
d:\vsprojects\2015\lvluoplatform\lvluoplatform\x64\release\lvluoplatform.tlog\rc.write.1.tlog
